<?xml version="1.0" encoding="UTF-8"?>
<!-- Generated by org.testng.reporters.JUnitXMLReporter -->
<testsuite hostname="SVINLP00359" ignored="0" name="Default test" tests="4" failures="0" timestamp="05 Aug 2019 13:52:52 GMT" time="1.663" errors="0">
  <testcase name="basicChallengedAuthTest" time="1.418" classname="com.suntaragali.tests.AuthenticationTests"/>
  <testcase name="basicPreemptiveAuthTest" time="0.034" classname="com.suntaragali.tests.AuthenticationTests"/>
  <testcase name="oauth1Test" time="0.15" classname="com.suntaragali.tests.AuthenticationTests"/>
  <testcase name="oauth2Test" time="0.03" classname="com.suntaragali.tests.AuthenticationTests"/>
</testsuite> <!-- Default test -->
